1617515345654	mozrunner::runner	INFO	Running command: "C:\\Program Files\\Mozilla Firefox\\firefox.exe" "-marionette" "-foreground" "-no-remote" "-profile" "C:\\Users\\Leon\\AppData\\Local\\Temp\\rust_mozprofiledMWSZc"
JavaScript error: resource://gre/modules/XULStore.jsm, line 66: Error: Can't find profile directory.
console.warn: SearchSettings: "get: No settings file exists, new profile?" (new Error("", "(unknown module)"))
1617515349825	Marionette	INFO	Listening on port 52817
1617515349876	Marionette	WARN	TLS certificate errors will be ignored for this session
1617515434265	Marionette	INFO	Stopped listening on port 52817

###!!! [Child][RunMessage] Error: Channel closing: too late to send/recv, messages will be lost

1617515473683	mozrunner::runner	INFO	Running command: "C:\\Program Files\\Mozilla Firefox\\firefox.exe" "-marionette" "-foreground" "-no-remote" "-profile" "C:\\Users\\Leon\\AppData\\Local\\Temp\\rust_mozprofilexDJA3p"
JavaScript error: resource://gre/modules/XULStore.jsm, line 66: Error: Can't find profile directory.
console.warn: SearchSettings: "get: No settings file exists, new profile?" (new Error("", "(unknown module)"))
1617515476874	Marionette	INFO	Listening on port 53080
1617515477319	Marionette	WARN	TLS certificate errors will be ignored for this session
1617515715198	Marionette	INFO	Stopped listening on port 53080

###!!! [Child][RunMessage] Error: Channel closing: too late to send/recv, messages will be lost

rs\\Leon\\AppData\\Local\\Temp\\rust_mozprofileP9qRKF"
JavaScript error: resource://gre/modules/XULStore.jsm, line 66: Error: Can't find profile directory.
console.warn: SearchSettings: "get: No settings file exists, new profile?" (new Error("", "(unknown module)"))
1617515714800	Marionette	INFO	Listening on port 53308
1617515714892	Marionette	WARN	TLS certificate errors will be ignored for this session

###!!! [Parent][RunMessage] Error: Channel closing: too late to send/recv, messages will be lost

1617515902038	Marionette	INFO	Stopped listening on port 53308

###!!! [Child][RunMessage] Error: Channel closing: too late to send/recv, messages will be lost

1617516090368	mozrunner::runner	INFO	Running command: "C:\\Program Files\\Mozilla Firefox\\firefox.exe" "-marionette" "-foreground" "-no-remote" "-profile" "C:\\Users\\Leon\\AppData\\Local\\Temp\\rust_mozprofileMta2gI"
JavaScript error: resource://gre/modules/XULStore.jsm, line 66: Error: Can't find profile directory.
console.warn: SearchSettings: "get: No settings file exists, new profile?" (new Error("", "(unknown module)"))
1617516093820	Marionette	INFO	Listening on port 53637
1617516094006	Marionette	WARN	TLS certificate errors will be ignored for this session
1617516168656	Marionette	INFO	Stopped listening on port 53637

###!!! [Child][RunMessage] Error: Channel closing: too late to send/recv, messages will be lost

rs\\Leon\\AppData\\Local\\Temp\\rust_mozprofileVjvyVI"
JavaScript error: resource://gre/modules/XULStore.jsm, line 66: Error: Can't find profile directory.
console.warn: SearchSettings: "get: No settings file exists, new profile?" (new Error("", "(unknown module)"))
1617516172133	Marionette	INFO	Listening on port 53826
1617516172226	Marionette	WARN	TLS certificate errors will be ignored for this session
1617516206433	Marionette	INFO	Stopped listening on port 53826

###!!! [Child][RunMessage] Error: Channel closing: too late to send/recv, messages will be lost

1617516228415	mozrunner::runner	INFO	Running command: "C:\\Program Files\\Mozilla Firefox\\firefox.exe" "-marionette" "-foreground" "-no-remote" "-profile" "C:\\Users\\Leon\\AppData\\Local\\Temp\\rust_mozprofileLTiBn4"
JavaScript error: resource://gre/modules/XULStore.jsm, line 66: Error: Can't find profile directory.
console.warn: SearchSettings: "get: No settings file exists, new profile?" (new Error("", "(unknown module)"))
1617516231600	Marionette	INFO	Listening on port 54047
1617516232055	Marionette	WARN	TLS certificate errors will be ignored for this session
1617516515694	mozrunner::runner	INFO	Running command: "C:\\Program Files\\Mozilla Firefox\\firefox.exe" "-marionette" "-foreground" "-no-remote" "-profile" "C:\\Use